Performing C SOURCE FILE Test CMAKE_HAVE_LIBC_PTHREAD failed with the following output:
Change Dir: /home/parallels/CLionProjects/Distributed_lab/Rpc/CMakeFiles/CMakeTmp

Run Build Command(s):/usr/bin/gmake cmTC_53861/fast && /usr/bin/gmake -f CMakeFiles/cmTC_53861.dir/build.make CMakeFiles/cmTC_53861.dir/build
gmake[1]: Entering directory `/home/parallels/CLionProjects/Distributed_lab/Rpc/CMakeFiles/CMakeTmp'
Building C object CMakeFiles/cmTC_53861.dir/src.c.o
/usr/bin/cc   -DCMAKE_HAVE_LIBC_PTHREAD   -o CMakeFiles/cmTC_53861.dir/src.c.o   -c /home/parallels/CLionProjects/Distributed_lab/Rpc/CMakeFiles/CMakeTmp/src.c
Linking C executable cmTC_53861
/usr/local/bin/cmake -E cmake_link_script CMakeFiles/cmTC_53861.dir/link.txt --verbose=1
/usr/bin/cc  -DCMAKE_HAVE_LIBC_PTHREAD    CMakeFiles/cmTC_53861.dir/src.c.o  -o cmTC_53861 
CMakeFiles/cmTC_53861.dir/src.c.o: In function `main':
src.c:(.text+0x2d): undefined reference to `pthread_create'
src.c:(.text+0x39): undefined reference to `pthread_detach'
src.c:(.text+0x45): undefined reference to `pthread_cancel'
src.c:(.text+0x56): undefined reference to `pthread_join'
src.c:(.text+0x6a): undefined reference to `pthread_atfork'
collect2: error: ld returned 1 exit status
gmake[1]: *** [cmTC_53861] Error 1
gmake[1]: Leaving directory `/home/parallels/CLionProjects/Distributed_lab/Rpc/CMakeFiles/CMakeTmp'
gmake: *** [cmTC_53861/fast] Error 2


Source file was:
#include <pthread.h>

void* test_func(void* data)
{
  return data;
}

int main(void)
{
  pthread_t thread;
  pthread_create(&thread, NULL, test_func, NULL);
  pthread_detach(thread);
  pthread_cancel(thread);
  pthread_join(thread, NULL);
  pthread_atfork(NULL, NULL, NULL);
  pthread_exit(NULL);

  return 0;
}

Determining if the function pthread_create exists in the pthreads failed with the following output:
Change Dir: /home/parallels/CLionProjects/Distributed_lab/Rpc/CMakeFiles/CMakeTmp

Run Build Command(s):/usr/bin/gmake cmTC_83ec8/fast && /usr/bin/gmake -f CMakeFiles/cmTC_83ec8.dir/build.make CMakeFiles/cmTC_83ec8.dir/build
gmake[1]: Entering directory `/home/parallels/CLionProjects/Distributed_lab/Rpc/CMakeFiles/CMakeTmp'
Building C object CMakeFiles/cmTC_83ec8.dir/CheckFunctionExists.c.o
/usr/bin/cc   -DCHECK_FUNCTION_EXISTS=pthread_create   -o CMakeFiles/cmTC_83ec8.dir/CheckFunctionExists.c.o   -c /usr/local/share/cmake-3.17/Modules/CheckFunctionExists.c
Linking C executable cmTC_83ec8
/usr/local/bin/cmake -E cmake_link_script CMakeFiles/cmTC_83ec8.dir/link.txt --verbose=1
/usr/bin/cc  -DCHECK_FUNCTION_EXISTS=pthread_create    CMakeFiles/cmTC_83ec8.dir/CheckFunctionExists.c.o  -o cmTC_83ec8  -lpthreads 
/usr/bin/ld: cannot find -lpthreads
collect2: error: ld returned 1 exit status
gmake[1]: *** [cmTC_83ec8] Error 1
gmake[1]: Leaving directory `/home/parallels/CLionProjects/Distributed_lab/Rpc/CMakeFiles/CMakeTmp'
gmake: *** [cmTC_83ec8/fast] Error 2



